2013-02-05 11:57:39,179 [http-bio-8080-exec-7] ERROR StackTrace  - Full Stack Trace:
org.codehaus.groovy.control.MultipleCompilationErrorsException: startup failed:
/home/kolby/IdeaProjects/school/grails-app/conf/BootStrap.groovy: 11: expecting anything but ''\n''; got it anyway @ line 11, column 99.
   e ur where u.id = ur.user.id )
                                 ^

1 error

	at org.codehaus.groovy.control.ErrorCollector.failIfErrors(ErrorCollector.java:309)
	at org.codehaus.groovy.control.ErrorCollector.addFatalError(ErrorCollector.java:149)
	at org.codehaus.groovy.control.ErrorCollector.addError(ErrorCollector.java:119)
	at org.codehaus.groovy.control.ErrorCollector.addError(ErrorCollector.java:131)
	at org.codehaus.groovy.control.SourceUnit.addError(SourceUnit.java:359)
	at org.codehaus.groovy.antlr.AntlrParserPlugin.transformCSTIntoAST(AntlrParserPlugin.java:137)
	at org.codehaus.groovy.antlr.AntlrParserPlugin.parseCST(AntlrParserPlugin.java:108)
	at org.codehaus.groovy.control.SourceUnit.parse(SourceUnit.java:236)
	at org.codehaus.groovy.control.CompilationUnit$1.call(CompilationUnit.java:162)
	at org.codehaus.groovy.control.CompilationUnit.applyToSourceUnits(CompilationUnit.java:903)
	at org.codehaus.groovy.control.CompilationUnit.doPhaseOperation(CompilationUnit.java:566)
	at org.codehaus.groovy.control.CompilationUnit.processPhaseOperations(CompilationUnit.java:542)
	at org.codehaus.groovy.control.CompilationUnit.compile(CompilationUnit.java:519)
	at org.codehaus.groovy.control.CompilationUnit.compile(CompilationUnit.java:498)
	at org.codehaus.groovy.tools.FileSystemCompiler.compile(FileSystemCompiler.java:57)
	at org.codehaus.groovy.tools.FileSystemCompiler.doCompilation(FileSystemCompiler.java:213)
	at org.codehaus.groovy.ant.Groovyc.runCompiler(Groovyc.java:947)
	at org.codehaus.groovy.ant.Groovyc.compile(Groovyc.java:994)
	at org.codehaus.groovy.grails.compiler.Grailsc.compile(Grailsc.java:79)
	at org.codehaus.groovy.ant.Groovyc.execute(Groovyc.java:630)
	at org.apache.tools.ant.UnknownElement.execute(UnknownElement.java:291)
	at sun.reflect.GeneratedMethodAccessor74.invoke(Unknown Source)
	at sun.reflect.DelegatingMethodAccessorImpl.invoke(DelegatingMethodAccessorImpl.java:43)
	at java.lang.reflect.Method.invoke(Method.java:601)
	at org.springsource.loaded.ri.ReflectiveInterceptor.jlrMethodInvoke(ReflectiveInterceptor.java:1249)
	at org.apache.tools.ant.dispatch.DispatchUtils.execute(DispatchUtils.java:106)
	at groovy.util.AntBuilder.performTask(AntBuilder.java:260)
	at groovy.util.AntBuilder.nodeCompleted(AntBuilder.java:220)
	at groovy.util.BuilderSupport.doInvokeMethod(BuilderSupport.java:147)
	at groovy.util.AntBuilder.doInvokeMethod(AntBuilder.java:170)
	at groovy.util.BuilderSupport.invokeMethod(BuilderSupport.java:64)
	at org.codehaus.gant.GantBuilder.invokeMethod(GantBuilder.java:99)
	at org.codehaus.groovy.runtime.callsite.PogoMetaClassSite.call(PogoMetaClassSite.java:45)
	at org.codehaus.groovy.runtime.callsite.AbstractCallSite.call(AbstractCallSite.java:120)
	at org.codehaus.groovy.grails.compiler.GrailsProjectCompiler.compile(GrailsProjectCompiler.groovy:268)
	at org.codehaus.groovy.grails.compiler.GrailsProjectCompiler$compile$0.callCurrent(Unknown Source)
	at org.codehaus.groovy.grails.compiler.GrailsProjectCompiler.compile(GrailsProjectCompiler.groovy:238)
	at org.codehaus.groovy.grails.compiler.GrailsProjectCompiler.compileAll(GrailsProjectCompiler.groovy:230)
	at org.codehaus.groovy.grails.compiler.GrailsProjectWatcher.compileIfSource(GrailsProjectWatcher.java:272)
	at org.codehaus.groovy.grails.compiler.GrailsProjectWatcher.access$300(GrailsProjectWatcher.java:46)
	at org.codehaus.groovy.grails.compiler.GrailsProjectWatcher$1.onChange(GrailsProjectWatcher.java:153)
	at org.codehaus.groovy.grails.compiler.DirectoryWatcher.fireOnChange(DirectoryWatcher.java:162)
	at org.codehaus.groovy.grails.compiler.DirectoryWatcher.run(DirectoryWatcher.java:144)
	at org.codehaus.groovy.grails.compiler.GrailsProjectWatcher.run(GrailsProjectWatcher.java:177)
2013-02-05 11:57:39,183 [http-bio-8080-exec-7] ERROR StackTrace  - Full Stack Trace:
org.codehaus.groovy.control.MultipleCompilationErrorsException: startup failed:
/home/kolby/IdeaProjects/school/grails-app/conf/BootStrap.groovy: 11: expecting anything but ''\n''; got it anyway @ line 11, column 99.
   e ur where u.id = ur.user.id )
                                 ^

1 error

	at org.codehaus.groovy.control.ErrorCollector.failIfErrors(ErrorCollector.java:309)
	at org.codehaus.groovy.control.ErrorCollector.addFatalError(ErrorCollector.java:149)
	at org.codehaus.groovy.control.ErrorCollector.addError(ErrorCollector.java:119)
	at org.codehaus.groovy.control.ErrorCollector.addError(ErrorCollector.java:131)
	at org.codehaus.groovy.control.SourceUnit.addError(SourceUnit.java:359)
	at org.codehaus.groovy.antlr.AntlrParserPlugin.transformCSTIntoAST(AntlrParserPlugin.java:137)
	at org.codehaus.groovy.antlr.AntlrParserPlugin.parseCST(AntlrParserPlugin.java:108)
	at org.codehaus.groovy.control.SourceUnit.parse(SourceUnit.java:236)
	at org.codehaus.groovy.control.CompilationUnit$1.call(CompilationUnit.java:162)
	at org.codehaus.groovy.control.CompilationUnit.applyToSourceUnits(CompilationUnit.java:903)
	at org.codehaus.groovy.control.CompilationUnit.doPhaseOperation(CompilationUnit.java:566)
	at org.codehaus.groovy.control.CompilationUnit.processPhaseOperations(CompilationUnit.java:542)
	at org.codehaus.groovy.control.CompilationUnit.compile(CompilationUnit.java:519)
	at org.codehaus.groovy.control.CompilationUnit.compile(CompilationUnit.java:498)
	at org.codehaus.groovy.tools.FileSystemCompiler.compile(FileSystemCompiler.java:57)
	at org.codehaus.groovy.tools.FileSystemCompiler.doCompilation(FileSystemCompiler.java:213)
	at org.codehaus.groovy.ant.Groovyc.runCompiler(Groovyc.java:947)
	at org.codehaus.groovy.ant.Groovyc.compile(Groovyc.java:994)
	at org.codehaus.groovy.ant.Groovyc.execute(Groovyc.java:630)
	at org.apache.tools.ant.UnknownElement.execute(UnknownElement.java:291)
	at org.apache.tools.ant.dispatch.DispatchUtils.execute(DispatchUtils.java:106)
2013-02-05 11:57:39,184 [http-bio-8080-exec-7] ERROR StackTrace  - Full Stack Trace:
org.codehaus.groovy.control.MultipleCompilationErrorsException: startup failed:
/home/kolby/IdeaProjects/school/grails-app/conf/BootStrap.groovy: 11: expecting anything but ''\n''; got it anyway @ line 11, column 99.
   e ur where u.id = ur.user.id )
                                 ^

1 error

	at org.codehaus.groovy.control.ErrorCollector.failIfErrors(ErrorCollector.java:309)
	at org.codehaus.groovy.control.ErrorCollector.addFatalError(ErrorCollector.java:149)
	at org.codehaus.groovy.control.ErrorCollector.addError(ErrorCollector.java:119)
	at org.codehaus.groovy.control.ErrorCollector.addError(ErrorCollector.java:131)
	at org.codehaus.groovy.control.SourceUnit.addError(SourceUnit.java:359)
	at org.codehaus.groovy.antlr.AntlrParserPlugin.transformCSTIntoAST(AntlrParserPlugin.java:137)
	at org.codehaus.groovy.antlr.AntlrParserPlugin.parseCST(AntlrParserPlugin.java:108)
	at org.codehaus.groovy.control.SourceUnit.parse(SourceUnit.java:236)
	at org.codehaus.groovy.control.CompilationUnit$1.call(CompilationUnit.java:162)
	at org.codehaus.groovy.control.CompilationUnit.applyToSourceUnits(CompilationUnit.java:903)
	at org.codehaus.groovy.control.CompilationUnit.doPhaseOperation(CompilationUnit.java:566)
	at org.codehaus.groovy.control.CompilationUnit.processPhaseOperations(CompilationUnit.java:542)
	at org.codehaus.groovy.control.CompilationUnit.compile(CompilationUnit.java:519)
	at org.codehaus.groovy.control.CompilationUnit.compile(CompilationUnit.java:498)
	at org.codehaus.groovy.tools.FileSystemCompiler.compile(FileSystemCompiler.java:57)
	at org.codehaus.groovy.tools.FileSystemCompiler.doCompilation(FileSystemCompiler.java:213)
	at org.codehaus.groovy.ant.Groovyc.runCompiler(Groovyc.java:947)
	at org.codehaus.groovy.ant.Groovyc.compile(Groovyc.java:994)
	at org.codehaus.groovy.ant.Groovyc.execute(Groovyc.java:630)
	at org.apache.tools.ant.UnknownElement.execute(UnknownElement.java:291)
	at org.apache.tools.ant.dispatch.DispatchUtils.execute(DispatchUtils.java:106)
2013-02-05 11:57:39,186 [http-bio-8080-exec-7] ERROR StackTrace  - Full Stack Trace:
org.codehaus.groovy.control.MultipleCompilationErrorsException: startup failed:
/home/kolby/IdeaProjects/school/grails-app/conf/BootStrap.groovy: 11: expecting anything but ''\n''; got it anyway @ line 11, column 99.
   e ur where u.id = ur.user.id )
                                 ^

1 error

	at org.codehaus.groovy.control.ErrorCollector.failIfErrors(ErrorCollector.java:309)
	at org.codehaus.groovy.control.ErrorCollector.addFatalError(ErrorCollector.java:149)
	at org.codehaus.groovy.control.ErrorCollector.addError(ErrorCollector.java:119)
	at org.codehaus.groovy.control.ErrorCollector.addError(ErrorCollector.java:131)
	at org.codehaus.groovy.control.SourceUnit.addError(SourceUnit.java:359)
	at org.codehaus.groovy.antlr.AntlrParserPlugin.transformCSTIntoAST(AntlrParserPlugin.java:137)
	at org.codehaus.groovy.antlr.AntlrParserPlugin.parseCST(AntlrParserPlugin.java:108)
	at org.codehaus.groovy.control.SourceUnit.parse(SourceUnit.java:236)
	at org.codehaus.groovy.control.CompilationUnit$1.call(CompilationUnit.java:162)
	at org.codehaus.groovy.control.CompilationUnit.applyToSourceUnits(CompilationUnit.java:903)
	at org.codehaus.groovy.control.CompilationUnit.doPhaseOperation(CompilationUnit.java:566)
	at org.codehaus.groovy.control.CompilationUnit.processPhaseOperations(CompilationUnit.java:542)
	at org.codehaus.groovy.control.CompilationUnit.compile(CompilationUnit.java:519)
	at org.codehaus.groovy.control.CompilationUnit.compile(CompilationUnit.java:498)
	at org.codehaus.groovy.tools.FileSystemCompiler.compile(FileSystemCompiler.java:57)
	at org.codehaus.groovy.tools.FileSystemCompiler.doCompilation(FileSystemCompiler.java:213)
	at org.codehaus.groovy.ant.Groovyc.runCompiler(Groovyc.java:947)
	at org.codehaus.groovy.ant.Groovyc.compile(Groovyc.java:994)
	at org.codehaus.groovy.ant.Groovyc.execute(Groovyc.java:630)
	at org.apache.tools.ant.UnknownElement.execute(UnknownElement.java:291)
	at org.apache.tools.ant.dispatch.DispatchUtils.execute(DispatchUtils.java:106)
2013-02-05 11:57:39,242 [http-bio-8080-exec-7] ERROR StackTrace  - Full Stack Trace:
org.codehaus.groovy.control.MultipleCompilationErrorsException: startup failed:
/home/kolby/IdeaProjects/school/grails-app/conf/BootStrap.groovy: 11: expecting anything but ''\n''; got it anyway @ line 11, column 99.
   e ur where u.id = ur.user.id )
                                 ^

1 error

	at org.codehaus.groovy.control.ErrorCollector.failIfErrors(ErrorCollector.java:309)
	at org.codehaus.groovy.control.ErrorCollector.addFatalError(ErrorCollector.java:149)
	at org.codehaus.groovy.control.ErrorCollector.addError(ErrorCollector.java:119)
	at org.codehaus.groovy.control.ErrorCollector.addError(ErrorCollector.java:131)
	at org.codehaus.groovy.control.SourceUnit.addError(SourceUnit.java:359)
	at org.codehaus.groovy.antlr.AntlrParserPlugin.transformCSTIntoAST(AntlrParserPlugin.java:137)
	at org.codehaus.groovy.antlr.AntlrParserPlugin.parseCST(AntlrParserPlugin.java:108)
	at org.codehaus.groovy.control.SourceUnit.parse(SourceUnit.java:236)
	at org.codehaus.groovy.control.CompilationUnit$1.call(CompilationUnit.java:162)
	at org.codehaus.groovy.control.CompilationUnit.applyToSourceUnits(CompilationUnit.java:903)
	at org.codehaus.groovy.control.CompilationUnit.doPhaseOperation(CompilationUnit.java:566)
	at org.codehaus.groovy.control.CompilationUnit.processPhaseOperations(CompilationUnit.java:542)
	at org.codehaus.groovy.control.CompilationUnit.compile(CompilationUnit.java:519)
	at org.codehaus.groovy.control.CompilationUnit.compile(CompilationUnit.java:498)
	at org.codehaus.groovy.tools.FileSystemCompiler.compile(FileSystemCompiler.java:57)
	at org.codehaus.groovy.tools.FileSystemCompiler.doCompilation(FileSystemCompiler.java:213)
	at org.codehaus.groovy.ant.Groovyc.runCompiler(Groovyc.java:947)
	at org.codehaus.groovy.ant.Groovyc.compile(Groovyc.java:994)
	at org.codehaus.groovy.ant.Groovyc.execute(Groovyc.java:630)
	at org.apache.tools.ant.UnknownElement.execute(UnknownElement.java:291)
	at org.apache.tools.ant.dispatch.DispatchUtils.execute(DispatchUtils.java:106)
2013-02-05 11:57:39,243 [http-bio-8080-exec-7] ERROR StackTrace  - Full Stack Trace:
org.codehaus.groovy.control.MultipleCompilationErrorsException: startup failed:
/home/kolby/IdeaProjects/school/grails-app/conf/BootStrap.groovy: 11: expecting anything but ''\n''; got it anyway @ line 11, column 99.
   e ur where u.id = ur.user.id )
                                 ^

1 error

	at org.codehaus.groovy.control.ErrorCollector.failIfErrors(ErrorCollector.java:309)
	at org.codehaus.groovy.control.ErrorCollector.addFatalError(ErrorCollector.java:149)
	at org.codehaus.groovy.control.ErrorCollector.addError(ErrorCollector.java:119)
	at org.codehaus.groovy.control.ErrorCollector.addError(ErrorCollector.java:131)
	at org.codehaus.groovy.control.SourceUnit.addError(SourceUnit.java:359)
	at org.codehaus.groovy.antlr.AntlrParserPlugin.transformCSTIntoAST(AntlrParserPlugin.java:137)
	at org.codehaus.groovy.antlr.AntlrParserPlugin.parseCST(AntlrParserPlugin.java:108)
	at org.codehaus.groovy.control.SourceUnit.parse(SourceUnit.java:236)
	at org.codehaus.groovy.control.CompilationUnit$1.call(CompilationUnit.java:162)
	at org.codehaus.groovy.control.CompilationUnit.applyToSourceUnits(CompilationUnit.java:903)
	at org.codehaus.groovy.control.CompilationUnit.doPhaseOperation(CompilationUnit.java:566)
	at org.codehaus.groovy.control.CompilationUnit.processPhaseOperations(CompilationUnit.java:542)
	at org.codehaus.groovy.control.CompilationUnit.compile(CompilationUnit.java:519)
	at org.codehaus.groovy.control.CompilationUnit.compile(CompilationUnit.java:498)
	at org.codehaus.groovy.tools.FileSystemCompiler.compile(FileSystemCompiler.java:57)
	at org.codehaus.groovy.tools.FileSystemCompiler.doCompilation(FileSystemCompiler.java:213)
	at org.codehaus.groovy.ant.Groovyc.runCompiler(Groovyc.java:947)
	at org.codehaus.groovy.ant.Groovyc.compile(Groovyc.java:994)
	at org.codehaus.groovy.ant.Groovyc.execute(Groovyc.java:630)
	at org.apache.tools.ant.UnknownElement.execute(UnknownElement.java:291)
	at org.apache.tools.ant.dispatch.DispatchUtils.execute(DispatchUtils.java:106)
2013-02-05 12:20:19,153 [localhost-startStop-1] ERROR StackTrace  - Full Stack Trace:
groovy.lang.MissingPropertyException: No such property: admin for class: BootStrap
	at org.codehaus.groovy.runtime.ScriptBytecodeAdapter.unwrap(ScriptBytecodeAdapter.java:50)
	at org.codehaus.groovy.runtime.ScriptBytecodeAdapter.setGroovyObjectProperty(ScriptBytecodeAdapter.java:530)
	at BootStrap$_closure1.doCall(BootStrap.groovy:8)
	at sun.reflect.NativeMethodAccessorImpl.invoke0(Native Method)
	at sun.reflect.NativeMethodAccessorImpl.invoke(NativeMethodAccessorImpl.java:57)
	at sun.reflect.DelegatingMethodAccessorImpl.invoke(DelegatingMethodAccessorImpl.java:43)
	at java.lang.reflect.Method.invoke(Method.java:601)
	at org.springsource.loaded.ri.ReflectiveInterceptor.jlrMethodInvoke(ReflectiveInterceptor.java:1243)
	at org.codehaus.groovy.reflection.CachedMethod.invoke(CachedMethod.java:90)
	at groovy.lang.MetaMethod.doMethodInvoke(MetaMethod.java:233)
	at groovy.lang.MetaClassImpl.invokeMethod(MetaClassImpl.java:1076)
	at groovy.lang.ExpandoMetaClass.invokeMethod(ExpandoMetaClass.java:1110)
	at groovy.lang.MetaClassImpl.invokeMethod(MetaClassImpl.java:906)
	at groovy.lang.MetaClassImpl.invokeMethod(MetaClassImpl.java:950)
	at groovy.lang.ExpandoMetaClass.invokeMethod(ExpandoMetaClass.java:1110)
	at groovy.lang.MetaClassImpl.invokeMethod(MetaClassImpl.java:906)
	at groovy.lang.Closure.call(Closure.java:415)
	at groovy.lang.Closure.call(Closure.java:409)
	at grails.util.Environment.evaluateEnvironmentSpecificBlock(Environment.java:308)
	at grails.util.Environment.executeForEnvironment(Environment.java:301)
	at grails.util.Environment.executeForCurrentEnvironment(Environment.java:277)
	at org.codehaus.groovy.grails.commons.DefaultGrailsBootstrapClass.callInit(DefaultGrailsBootstrapClass.java:60)
	at org.codehaus.groovy.grails.web.context.GrailsConfigUtils.executeGrailsBootstraps(GrailsConfigUtils.java:74)
	at org.codehaus.groovy.grails.web.context.GrailsContextLoader.initWebApplicationContext(GrailsContextLoader.java:108)
	at org.springframework.web.context.ContextLoaderListener.contextInitialized(ContextLoaderListener.java:111)
	at org.apache.catalina.core.StandardContext.listenerStart(StandardContext.java:4791)
	at org.apache.catalina.core.StandardContext.startInternal(StandardContext.java:5285)
	at org.apache.catalina.util.LifecycleBase.start(LifecycleBase.java:150)
	at org.apache.catalina.core.ContainerBase$StartChild.call(ContainerBase.java:1559)
	at org.apache.catalina.core.ContainerBase$StartChild.call(ContainerBase.java:1549)
	at java.util.concurrent.FutureTask$Sync.innerRun(FutureTask.java:334)
	at java.util.concurrent.FutureTask.run(FutureTask.java:166)
	at java.util.concurrent.ThreadPoolExecutor.runWorker(ThreadPoolExecutor.java:1145)
	at java.util.concurrent.ThreadPoolExecutor$Worker.run(ThreadPoolExecutor.java:615)
	at java.lang.Thread.run(Thread.java:722)
2013-02-05 12:20:19,161 [localhost-startStop-1] ERROR StackTrace  - Full Stack Trace:
groovy.lang.MissingPropertyException: No such property: admin for class: BootStrap
	at BootStrap$_closure1.doCall(BootStrap.groovy:8)
	at grails.util.Environment.evaluateEnvironmentSpecificBlock(Environment.java:308)
	at grails.util.Environment.executeForEnvironment(Environment.java:301)
	at grails.util.Environment.executeForCurrentEnvironment(Environment.java:277)
	at java.util.concurrent.FutureTask$Sync.innerRun(FutureTask.java:334)
	at java.util.concurrent.FutureTask.run(FutureTask.java:166)
	at java.util.concurrent.ThreadPoolExecutor.runWorker(ThreadPoolExecutor.java:1145)
	at java.util.concurrent.ThreadPoolExecutor$Worker.run(ThreadPoolExecutor.java:615)
	at java.lang.Thread.run(Thread.java:722)
2013-02-05 12:20:19,161 [localhost-startStop-1] ERROR StackTrace  - Full Stack Trace:
groovy.lang.MissingPropertyException: No such property: admin for class: BootStrap
	at BootStrap$_closure1.doCall(BootStrap.groovy:8)
	at grails.util.Environment.evaluateEnvironmentSpecificBlock(Environment.java:308)
	at grails.util.Environment.executeForEnvironment(Environment.java:301)
	at grails.util.Environment.executeForCurrentEnvironment(Environment.java:277)
	at java.util.concurrent.FutureTask$Sync.innerRun(FutureTask.java:334)
	at java.util.concurrent.FutureTask.run(FutureTask.java:166)
	at java.util.concurrent.ThreadPoolExecutor.runWorker(ThreadPoolExecutor.java:1145)
	at java.util.concurrent.ThreadPoolExecutor$Worker.run(ThreadPoolExecutor.java:615)
	at java.lang.Thread.run(Thread.java:722)
2013-02-05 12:20:19,162 [localhost-startStop-1] ERROR StackTrace  - Full Stack Trace:
groovy.lang.MissingPropertyException: No such property: admin for class: BootStrap
	at BootStrap$_closure1.doCall(BootStrap.groovy:8)
	at grails.util.Environment.evaluateEnvironmentSpecificBlock(Environment.java:308)
	at grails.util.Environment.executeForEnvironment(Environment.java:301)
	at grails.util.Environment.executeForCurrentEnvironment(Environment.java:277)
	at java.util.concurrent.FutureTask$Sync.innerRun(FutureTask.java:334)
	at java.util.concurrent.FutureTask.run(FutureTask.java:166)
	at java.util.concurrent.ThreadPoolExecutor.runWorker(ThreadPoolExecutor.java:1145)
	at java.util.concurrent.ThreadPoolExecutor$Worker.run(ThreadPoolExecutor.java:615)
	at java.lang.Thread.run(Thread.java:722)
2013-02-05 12:20:19,162 [localhost-startStop-1] ERROR StackTrace  - Full Stack Trace:
groovy.lang.MissingPropertyException: No such property: admin for class: BootStrap
	at BootStrap$_closure1.doCall(BootStrap.groovy:8)
	at grails.util.Environment.evaluateEnvironmentSpecificBlock(Environment.java:308)
	at grails.util.Environment.executeForEnvironment(Environment.java:301)
	at grails.util.Environment.executeForCurrentEnvironment(Environment.java:277)
	at java.util.concurrent.FutureTask$Sync.innerRun(FutureTask.java:334)
	at java.util.concurrent.FutureTask.run(FutureTask.java:166)
	at java.util.concurrent.ThreadPoolExecutor.runWorker(ThreadPoolExecutor.java:1145)
	at java.util.concurrent.ThreadPoolExecutor$Worker.run(ThreadPoolExecutor.java:615)
	at java.lang.Thread.run(Thread.java:722)
2013-02-05 12:20:19,163 [localhost-startStop-1] ERROR StackTrace  - Full Stack Trace:
groovy.lang.MissingPropertyException: No such property: admin for class: BootStrap
	at BootStrap$_closure1.doCall(BootStrap.groovy:8)
	at grails.util.Environment.evaluateEnvironmentSpecificBlock(Environment.java:308)
	at grails.util.Environment.executeForEnvironment(Environment.java:301)
	at grails.util.Environment.executeForCurrentEnvironment(Environment.java:277)
	at java.util.concurrent.FutureTask$Sync.innerRun(FutureTask.java:334)
	at java.util.concurrent.FutureTask.run(FutureTask.java:166)
	at java.util.concurrent.ThreadPoolExecutor.runWorker(ThreadPoolExecutor.java:1145)
	at java.util.concurrent.ThreadPoolExecutor$Worker.run(ThreadPoolExecutor.java:615)
	at java.lang.Thread.run(Thread.java:722)
2013-02-05 14:22:01,836 [localhost-startStop-1] ERROR StackTrace  - Full Stack Trace:
groovy.lang.MissingPropertyException: No such property: admin for class: BootStrap
	at org.codehaus.groovy.runtime.ScriptBytecodeAdapter.unwrap(ScriptBytecodeAdapter.java:50)
	at org.codehaus.groovy.runtime.ScriptBytecodeAdapter.setGroovyObjectProperty(ScriptBytecodeAdapter.java:530)
	at BootStrap$_closure1.doCall(BootStrap.groovy:8)
	at sun.reflect.NativeMethodAccessorImpl.invoke0(Native Method)
	at sun.reflect.NativeMethodAccessorImpl.invoke(NativeMethodAccessorImpl.java:57)
	at sun.reflect.DelegatingMethodAccessorImpl.invoke(DelegatingMethodAccessorImpl.java:43)
	at java.lang.reflect.Method.invoke(Method.java:601)
	at org.springsource.loaded.ri.ReflectiveInterceptor.jlrMethodInvoke(ReflectiveInterceptor.java:1243)
	at org.codehaus.groovy.reflection.CachedMethod.invoke(CachedMethod.java:90)
	at groovy.lang.MetaMethod.doMethodInvoke(MetaMethod.java:233)
	at groovy.lang.MetaClassImpl.invokeMethod(MetaClassImpl.java:1076)
	at groovy.lang.ExpandoMetaClass.invokeMethod(ExpandoMetaClass.java:1110)
	at groovy.lang.MetaClassImpl.invokeMethod(MetaClassImpl.java:906)
	at groovy.lang.MetaClassImpl.invokeMethod(MetaClassImpl.java:950)
	at groovy.lang.ExpandoMetaClass.invokeMethod(ExpandoMetaClass.java:1110)
	at groovy.lang.MetaClassImpl.invokeMethod(MetaClassImpl.java:906)
	at groovy.lang.Closure.call(Closure.java:415)
	at groovy.lang.Closure.call(Closure.java:409)
	at grails.util.Environment.evaluateEnvironmentSpecificBlock(Environment.java:308)
	at grails.util.Environment.executeForEnvironment(Environment.java:301)
	at grails.util.Environment.executeForCurrentEnvironment(Environment.java:277)
	at org.codehaus.groovy.grails.commons.DefaultGrailsBootstrapClass.callInit(DefaultGrailsBootstrapClass.java:60)
	at org.codehaus.groovy.grails.web.context.GrailsConfigUtils.executeGrailsBootstraps(GrailsConfigUtils.java:74)
	at org.codehaus.groovy.grails.web.context.GrailsContextLoader.initWebApplicationContext(GrailsContextLoader.java:108)
	at org.springframework.web.context.ContextLoaderListener.contextInitialized(ContextLoaderListener.java:111)
	at org.apache.catalina.core.StandardContext.listenerStart(StandardContext.java:4791)
	at org.apache.catalina.core.StandardContext.startInternal(StandardContext.java:5285)
	at org.apache.catalina.util.LifecycleBase.start(LifecycleBase.java:150)
	at org.apache.catalina.core.ContainerBase$StartChild.call(ContainerBase.java:1559)
	at org.apache.catalina.core.ContainerBase$StartChild.call(ContainerBase.java:1549)
	at java.util.concurrent.FutureTask$Sync.innerRun(FutureTask.java:334)
	at java.util.concurrent.FutureTask.run(FutureTask.java:166)
	at java.util.concurrent.ThreadPoolExecutor.runWorker(ThreadPoolExecutor.java:1145)
	at java.util.concurrent.ThreadPoolExecutor$Worker.run(ThreadPoolExecutor.java:615)
	at java.lang.Thread.run(Thread.java:722)
2013-02-05 14:22:01,850 [localhost-startStop-1] ERROR StackTrace  - Full Stack Trace:
groovy.lang.MissingPropertyException: No such property: admin for class: BootStrap
	at BootStrap$_closure1.doCall(BootStrap.groovy:8)
	at grails.util.Environment.evaluateEnvironmentSpecificBlock(Environment.java:308)
	at grails.util.Environment.executeForEnvironment(Environment.java:301)
	at grails.util.Environment.executeForCurrentEnvironment(Environment.java:277)
	at java.util.concurrent.FutureTask$Sync.innerRun(FutureTask.java:334)
	at java.util.concurrent.FutureTask.run(FutureTask.java:166)
	at java.util.concurrent.ThreadPoolExecutor.runWorker(ThreadPoolExecutor.java:1145)
	at java.util.concurrent.ThreadPoolExecutor$Worker.run(ThreadPoolExecutor.java:615)
	at java.lang.Thread.run(Thread.java:722)
2013-02-05 14:22:01,851 [localhost-startStop-1] ERROR StackTrace  - Full Stack Trace:
groovy.lang.MissingPropertyException: No such property: admin for class: BootStrap
	at BootStrap$_closure1.doCall(BootStrap.groovy:8)
	at grails.util.Environment.evaluateEnvironmentSpecificBlock(Environment.java:308)
	at grails.util.Environment.executeForEnvironment(Environment.java:301)
	at grails.util.Environment.executeForCurrentEnvironment(Environment.java:277)
	at java.util.concurrent.FutureTask$Sync.innerRun(FutureTask.java:334)
	at java.util.concurrent.FutureTask.run(FutureTask.java:166)
	at java.util.concurrent.ThreadPoolExecutor.runWorker(ThreadPoolExecutor.java:1145)
	at java.util.concurrent.ThreadPoolExecutor$Worker.run(ThreadPoolExecutor.java:615)
	at java.lang.Thread.run(Thread.java:722)
2013-02-05 14:22:01,851 [localhost-startStop-1] ERROR StackTrace  - Full Stack Trace:
groovy.lang.MissingPropertyException: No such property: admin for class: BootStrap
	at BootStrap$_closure1.doCall(BootStrap.groovy:8)
	at grails.util.Environment.evaluateEnvironmentSpecificBlock(Environment.java:308)
	at grails.util.Environment.executeForEnvironment(Environment.java:301)
	at grails.util.Environment.executeForCurrentEnvironment(Environment.java:277)
	at java.util.concurrent.FutureTask$Sync.innerRun(FutureTask.java:334)
	at java.util.concurrent.FutureTask.run(FutureTask.java:166)
	at java.util.concurrent.ThreadPoolExecutor.runWorker(ThreadPoolExecutor.java:1145)
	at java.util.concurrent.ThreadPoolExecutor$Worker.run(ThreadPoolExecutor.java:615)
	at java.lang.Thread.run(Thread.java:722)
2013-02-05 14:22:01,852 [localhost-startStop-1] ERROR StackTrace  - Full Stack Trace:
groovy.lang.MissingPropertyException: No such property: admin for class: BootStrap
	at BootStrap$_closure1.doCall(BootStrap.groovy:8)
	at grails.util.Environment.evaluateEnvironmentSpecificBlock(Environment.java:308)
	at grails.util.Environment.executeForEnvironment(Environment.java:301)
	at grails.util.Environment.executeForCurrentEnvironment(Environment.java:277)
	at java.util.concurrent.FutureTask$Sync.innerRun(FutureTask.java:334)
	at java.util.concurrent.FutureTask.run(FutureTask.java:166)
	at java.util.concurrent.ThreadPoolExecutor.runWorker(ThreadPoolExecutor.java:1145)
	at java.util.concurrent.ThreadPoolExecutor$Worker.run(ThreadPoolExecutor.java:615)
	at java.lang.Thread.run(Thread.java:722)
2013-02-05 14:22:01,852 [localhost-startStop-1] ERROR StackTrace  - Full Stack Trace:
groovy.lang.MissingPropertyException: No such property: admin for class: BootStrap
	at BootStrap$_closure1.doCall(BootStrap.groovy:8)
	at grails.util.Environment.evaluateEnvironmentSpecificBlock(Environment.java:308)
	at grails.util.Environment.executeForEnvironment(Environment.java:301)
	at grails.util.Environment.executeForCurrentEnvironment(Environment.java:277)
	at java.util.concurrent.FutureTask$Sync.innerRun(FutureTask.java:334)
	at java.util.concurrent.FutureTask.run(FutureTask.java:166)
	at java.util.concurrent.ThreadPoolExecutor.runWorker(ThreadPoolExecutor.java:1145)
	at java.util.concurrent.ThreadPoolExecutor$Worker.run(ThreadPoolExecutor.java:615)
	at java.lang.Thread.run(Thread.java:722)
2013-02-05 14:26:28,008 [localhost-startStop-1] ERROR StackTrace  - Full Stack Trace:
groovy.lang.MissingPropertyException: No such property: admin for class: BootStrap
	at org.codehaus.groovy.runtime.ScriptBytecodeAdapter.unwrap(ScriptBytecodeAdapter.java:50)
	at org.codehaus.groovy.runtime.ScriptBytecodeAdapter.setGroovyObjectProperty(ScriptBytecodeAdapter.java:530)
	at BootStrap$_closure1.doCall(BootStrap.groovy:8)
	at sun.reflect.NativeMethodAccessorImpl.invoke0(Native Method)
	at sun.reflect.NativeMethodAccessorImpl.invoke(NativeMethodAccessorImpl.java:57)
	at sun.reflect.DelegatingMethodAccessorImpl.invoke(DelegatingMethodAccessorImpl.java:43)
	at java.lang.reflect.Method.invoke(Method.java:601)
	at org.springsource.loaded.ri.ReflectiveInterceptor.jlrMethodInvoke(ReflectiveInterceptor.java:1243)
	at org.codehaus.groovy.reflection.CachedMethod.invoke(CachedMethod.java:90)
	at groovy.lang.MetaMethod.doMethodInvoke(MetaMethod.java:233)
	at groovy.lang.MetaClassImpl.invokeMethod(MetaClassImpl.java:1076)
	at groovy.lang.ExpandoMetaClass.invokeMethod(ExpandoMetaClass.java:1110)
	at groovy.lang.MetaClassImpl.invokeMethod(MetaClassImpl.java:906)
	at groovy.lang.MetaClassImpl.invokeMethod(MetaClassImpl.java:950)
	at groovy.lang.ExpandoMetaClass.invokeMethod(ExpandoMetaClass.java:1110)
	at groovy.lang.MetaClassImpl.invokeMethod(MetaClassImpl.java:906)
	at groovy.lang.Closure.call(Closure.java:415)
	at groovy.lang.Closure.call(Closure.java:409)
	at grails.util.Environment.evaluateEnvironmentSpecificBlock(Environment.java:308)
	at grails.util.Environment.executeForEnvironment(Environment.java:301)
	at grails.util.Environment.executeForCurrentEnvironment(Environment.java:277)
	at org.codehaus.groovy.grails.commons.DefaultGrailsBootstrapClass.callInit(DefaultGrailsBootstrapClass.java:60)
	at org.codehaus.groovy.grails.web.context.GrailsConfigUtils.executeGrailsBootstraps(GrailsConfigUtils.java:74)
	at org.codehaus.groovy.grails.web.context.GrailsContextLoader.initWebApplicationContext(GrailsContextLoader.java:108)
	at org.springframework.web.context.ContextLoaderListener.contextInitialized(ContextLoaderListener.java:111)
	at org.apache.catalina.core.StandardContext.listenerStart(StandardContext.java:4791)
	at org.apache.catalina.core.StandardContext.startInternal(StandardContext.java:5285)
	at org.apache.catalina.util.LifecycleBase.start(LifecycleBase.java:150)
	at org.apache.catalina.core.ContainerBase$StartChild.call(ContainerBase.java:1559)
	at org.apache.catalina.core.ContainerBase$StartChild.call(ContainerBase.java:1549)
	at java.util.concurrent.FutureTask$Sync.innerRun(FutureTask.java:334)
	at java.util.concurrent.FutureTask.run(FutureTask.java:166)
	at java.util.concurrent.ThreadPoolExecutor.runWorker(ThreadPoolExecutor.java:1145)
	at java.util.concurrent.ThreadPoolExecutor$Worker.run(ThreadPoolExecutor.java:615)
	at java.lang.Thread.run(Thread.java:722)
2013-02-05 14:26:28,023 [localhost-startStop-1] ERROR StackTrace  - Full Stack Trace:
groovy.lang.MissingPropertyException: No such property: admin for class: BootStrap
	at BootStrap$_closure1.doCall(BootStrap.groovy:8)
	at grails.util.Environment.evaluateEnvironmentSpecificBlock(Environment.java:308)
	at grails.util.Environment.executeForEnvironment(Environment.java:301)
	at grails.util.Environment.executeForCurrentEnvironment(Environment.java:277)
	at java.util.concurrent.FutureTask$Sync.innerRun(FutureTask.java:334)
	at java.util.concurrent.FutureTask.run(FutureTask.java:166)
	at java.util.concurrent.ThreadPoolExecutor.runWorker(ThreadPoolExecutor.java:1145)
	at java.util.concurrent.ThreadPoolExecutor$Worker.run(ThreadPoolExecutor.java:615)
	at java.lang.Thread.run(Thread.java:722)
2013-02-05 14:26:28,023 [localhost-startStop-1] ERROR StackTrace  - Full Stack Trace:
groovy.lang.MissingPropertyException: No such property: admin for class: BootStrap
	at BootStrap$_closure1.doCall(BootStrap.groovy:8)
	at grails.util.Environment.evaluateEnvironmentSpecificBlock(Environment.java:308)
	at grails.util.Environment.executeForEnvironment(Environment.java:301)
	at grails.util.Environment.executeForCurrentEnvironment(Environment.java:277)
	at java.util.concurrent.FutureTask$Sync.innerRun(FutureTask.java:334)
	at java.util.concurrent.FutureTask.run(FutureTask.java:166)
	at java.util.concurrent.ThreadPoolExecutor.runWorker(ThreadPoolExecutor.java:1145)
	at java.util.concurrent.ThreadPoolExecutor$Worker.run(ThreadPoolExecutor.java:615)
	at java.lang.Thread.run(Thread.java:722)
2013-02-05 14:26:28,024 [localhost-startStop-1] ERROR StackTrace  - Full Stack Trace:
groovy.lang.MissingPropertyException: No such property: admin for class: BootStrap
	at BootStrap$_closure1.doCall(BootStrap.groovy:8)
	at grails.util.Environment.evaluateEnvironmentSpecificBlock(Environment.java:308)
	at grails.util.Environment.executeForEnvironment(Environment.java:301)
	at grails.util.Environment.executeForCurrentEnvironment(Environment.java:277)
	at java.util.concurrent.FutureTask$Sync.innerRun(FutureTask.java:334)
	at java.util.concurrent.FutureTask.run(FutureTask.java:166)
	at java.util.concurrent.ThreadPoolExecutor.runWorker(ThreadPoolExecutor.java:1145)
	at java.util.concurrent.ThreadPoolExecutor$Worker.run(ThreadPoolExecutor.java:615)
	at java.lang.Thread.run(Thread.java:722)
2013-02-05 14:26:28,024 [localhost-startStop-1] ERROR StackTrace  - Full Stack Trace:
groovy.lang.MissingPropertyException: No such property: admin for class: BootStrap
	at BootStrap$_closure1.doCall(BootStrap.groovy:8)
	at grails.util.Environment.evaluateEnvironmentSpecificBlock(Environment.java:308)
	at grails.util.Environment.executeForEnvironment(Environment.java:301)
	at grails.util.Environment.executeForCurrentEnvironment(Environment.java:277)
	at java.util.concurrent.FutureTask$Sync.innerRun(FutureTask.java:334)
	at java.util.concurrent.FutureTask.run(FutureTask.java:166)
	at java.util.concurrent.ThreadPoolExecutor.runWorker(ThreadPoolExecutor.java:1145)
	at java.util.concurrent.ThreadPoolExecutor$Worker.run(ThreadPoolExecutor.java:615)
	at java.lang.Thread.run(Thread.java:722)
2013-02-05 14:26:28,025 [localhost-startStop-1] ERROR StackTrace  - Full Stack Trace:
groovy.lang.MissingPropertyException: No such property: admin for class: BootStrap
	at BootStrap$_closure1.doCall(BootStrap.groovy:8)
	at grails.util.Environment.evaluateEnvironmentSpecificBlock(Environment.java:308)
	at grails.util.Environment.executeForEnvironment(Environment.java:301)
	at grails.util.Environment.executeForCurrentEnvironment(Environment.java:277)
	at java.util.concurrent.FutureTask$Sync.innerRun(FutureTask.java:334)
	at java.util.concurrent.FutureTask.run(FutureTask.java:166)
	at java.util.concurrent.ThreadPoolExecutor.runWorker(ThreadPoolExecutor.java:1145)
	at java.util.concurrent.ThreadPoolExecutor$Worker.run(ThreadPoolExecutor.java:615)
	at java.lang.Thread.run(Thread.java:722)
2013-02-05 14:48:36,926 [localhost-startStop-1] ERROR StackTrace  - Full Stack Trace:
groovy.lang.MissingPropertyException: No such property: admin for class: BootStrap
	at org.codehaus.groovy.runtime.ScriptBytecodeAdapter.unwrap(ScriptBytecodeAdapter.java:50)
	at org.codehaus.groovy.runtime.ScriptBytecodeAdapter.setGroovyObjectProperty(ScriptBytecodeAdapter.java:530)
	at BootStrap$_closure1.doCall(BootStrap.groovy:8)
	at sun.reflect.NativeMethodAccessorImpl.invoke0(Native Method)
	at sun.reflect.NativeMethodAccessorImpl.invoke(NativeMethodAccessorImpl.java:57)
	at sun.reflect.DelegatingMethodAccessorImpl.invoke(DelegatingMethodAccessorImpl.java:43)
	at java.lang.reflect.Method.invoke(Method.java:601)
	at org.springsource.loaded.ri.ReflectiveInterceptor.jlrMethodInvoke(ReflectiveInterceptor.java:1243)
	at org.codehaus.groovy.reflection.CachedMethod.invoke(CachedMethod.java:90)
	at groovy.lang.MetaMethod.doMethodInvoke(MetaMethod.java:233)
	at groovy.lang.MetaClassImpl.invokeMethod(MetaClassImpl.java:1076)
	at groovy.lang.ExpandoMetaClass.invokeMethod(ExpandoMetaClass.java:1110)
	at groovy.lang.MetaClassImpl.invokeMethod(MetaClassImpl.java:906)
	at groovy.lang.MetaClassImpl.invokeMethod(MetaClassImpl.java:950)
	at groovy.lang.ExpandoMetaClass.invokeMethod(ExpandoMetaClass.java:1110)
	at groovy.lang.MetaClassImpl.invokeMethod(MetaClassImpl.java:906)
	at groovy.lang.Closure.call(Closure.java:415)
	at groovy.lang.Closure.call(Closure.java:409)
	at grails.util.Environment.evaluateEnvironmentSpecificBlock(Environment.java:308)
	at grails.util.Environment.executeForEnvironment(Environment.java:301)
	at grails.util.Environment.executeForCurrentEnvironment(Environment.java:277)
	at org.codehaus.groovy.grails.commons.DefaultGrailsBootstrapClass.callInit(DefaultGrailsBootstrapClass.java:60)
	at org.codehaus.groovy.grails.web.context.GrailsConfigUtils.executeGrailsBootstraps(GrailsConfigUtils.java:74)
	at org.codehaus.groovy.grails.web.context.GrailsContextLoader.initWebApplicationContext(GrailsContextLoader.java:108)
	at org.springframework.web.context.ContextLoaderListener.contextInitialized(ContextLoaderListener.java:111)
	at org.apache.catalina.core.StandardContext.listenerStart(StandardContext.java:4791)
	at org.apache.catalina.core.StandardContext.startInternal(StandardContext.java:5285)
	at org.apache.catalina.util.LifecycleBase.start(LifecycleBase.java:150)
	at org.apache.catalina.core.ContainerBase$StartChild.call(ContainerBase.java:1559)
	at org.apache.catalina.core.ContainerBase$StartChild.call(ContainerBase.java:1549)
	at java.util.concurrent.FutureTask$Sync.innerRun(FutureTask.java:334)
	at java.util.concurrent.FutureTask.run(FutureTask.java:166)
	at java.util.concurrent.ThreadPoolExecutor.runWorker(ThreadPoolExecutor.java:1145)
	at java.util.concurrent.ThreadPoolExecutor$Worker.run(ThreadPoolExecutor.java:615)
	at java.lang.Thread.run(Thread.java:722)
2013-02-05 14:48:36,939 [localhost-startStop-1] ERROR StackTrace  - Full Stack Trace:
groovy.lang.MissingPropertyException: No such property: admin for class: BootStrap
	at BootStrap$_closure1.doCall(BootStrap.groovy:8)
	at grails.util.Environment.evaluateEnvironmentSpecificBlock(Environment.java:308)
	at grails.util.Environment.executeForEnvironment(Environment.java:301)
	at grails.util.Environment.executeForCurrentEnvironment(Environment.java:277)
	at java.util.concurrent.FutureTask$Sync.innerRun(FutureTask.java:334)
	at java.util.concurrent.FutureTask.run(FutureTask.java:166)
	at java.util.concurrent.ThreadPoolExecutor.runWorker(ThreadPoolExecutor.java:1145)
	at java.util.concurrent.ThreadPoolExecutor$Worker.run(ThreadPoolExecutor.java:615)
	at java.lang.Thread.run(Thread.java:722)
2013-02-05 14:48:36,940 [localhost-startStop-1] ERROR StackTrace  - Full Stack Trace:
groovy.lang.MissingPropertyException: No such property: admin for class: BootStrap
	at BootStrap$_closure1.doCall(BootStrap.groovy:8)
	at grails.util.Environment.evaluateEnvironmentSpecificBlock(Environment.java:308)
	at grails.util.Environment.executeForEnvironment(Environment.java:301)
	at grails.util.Environment.executeForCurrentEnvironment(Environment.java:277)
	at java.util.concurrent.FutureTask$Sync.innerRun(FutureTask.java:334)
	at java.util.concurrent.FutureTask.run(FutureTask.java:166)
	at java.util.concurrent.ThreadPoolExecutor.runWorker(ThreadPoolExecutor.java:1145)
	at java.util.concurrent.ThreadPoolExecutor$Worker.run(ThreadPoolExecutor.java:615)
	at java.lang.Thread.run(Thread.java:722)
2013-02-05 14:48:36,945 [localhost-startStop-1] ERROR StackTrace  - Full Stack Trace:
groovy.lang.MissingPropertyException: No such property: admin for class: BootStrap
	at BootStrap$_closure1.doCall(BootStrap.groovy:8)
	at grails.util.Environment.evaluateEnvironmentSpecificBlock(Environment.java:308)
	at grails.util.Environment.executeForEnvironment(Environment.java:301)
	at grails.util.Environment.executeForCurrentEnvironment(Environment.java:277)
	at java.util.concurrent.FutureTask$Sync.innerRun(FutureTask.java:334)
	at java.util.concurrent.FutureTask.run(FutureTask.java:166)
	at java.util.concurrent.ThreadPoolExecutor.runWorker(ThreadPoolExecutor.java:1145)
	at java.util.concurrent.ThreadPoolExecutor$Worker.run(ThreadPoolExecutor.java:615)
	at java.lang.Thread.run(Thread.java:722)
2013-02-05 14:48:36,946 [localhost-startStop-1] ERROR StackTrace  - Full Stack Trace:
groovy.lang.MissingPropertyException: No such property: admin for class: BootStrap
	at BootStrap$_closure1.doCall(BootStrap.groovy:8)
	at grails.util.Environment.evaluateEnvironmentSpecificBlock(Environment.java:308)
	at grails.util.Environment.executeForEnvironment(Environment.java:301)
	at grails.util.Environment.executeForCurrentEnvironment(Environment.java:277)
	at java.util.concurrent.FutureTask$Sync.innerRun(FutureTask.java:334)
	at java.util.concurrent.FutureTask.run(FutureTask.java:166)
	at java.util.concurrent.ThreadPoolExecutor.runWorker(ThreadPoolExecutor.java:1145)
	at java.util.concurrent.ThreadPoolExecutor$Worker.run(ThreadPoolExecutor.java:615)
	at java.lang.Thread.run(Thread.java:722)
2013-02-05 14:48:36,946 [localhost-startStop-1] ERROR StackTrace  - Full Stack Trace:
groovy.lang.MissingPropertyException: No such property: admin for class: BootStrap
	at BootStrap$_closure1.doCall(BootStrap.groovy:8)
	at grails.util.Environment.evaluateEnvironmentSpecificBlock(Environment.java:308)
	at grails.util.Environment.executeForEnvironment(Environment.java:301)
	at grails.util.Environment.executeForCurrentEnvironment(Environment.java:277)
	at java.util.concurrent.FutureTask$Sync.innerRun(FutureTask.java:334)
	at java.util.concurrent.FutureTask.run(FutureTask.java:166)
	at java.util.concurrent.ThreadPoolExecutor.runWorker(ThreadPoolExecutor.java:1145)
	at java.util.concurrent.ThreadPoolExecutor$Worker.run(ThreadPoolExecutor.java:615)
	at java.lang.Thread.run(Thread.java:722)
